<?xml version="1.0" encoding="UTF-8"?>
<testsuite xmlns:xsi="http://www.w3.org/2001/XMLSchema-instance" xsi:noNamespaceSchemaLocation="https://maven.apache.org/surefire/maven-surefire-plugin/xsd/surefire-test-report-3.0.xsd" version="3.0" name="PartB.ElectronicsTest" time="0.162" tests="5" errors="0" skipped="0" failures="0">
  <properties>
[...]
</properties>
  <testcase name="testBuy" classname="PartB.ElectronicsTest" time="0.067"/>
  <testcase name="testSell" classname="PartB.ElectronicsTest" time="0.004"/>
  <testcase name="testExitSeriesApplication" classname="PartB.ElectronicsTest" time="0.004"/>
  <testcase name="testNewItem" classname="PartB.ElectronicsTest" time="0.003"/>
  <testcase name="testGetDetails" classname="PartB.ElectronicsTest" time="0.003"/>
</testsuite>