<?xml version="1.0" encoding="UTF-8"?>
<testsuite xmlns:xsi="http://www.w3.org/2001/XMLSchema-instance" xsi:noNamespaceSchemaLocation="https://maven.apache.org/surefire/maven-surefire-plugin/xsd/surefire-test-report-3.0.xsd" version="3.0" name="com.mycompany.seriesmodel.SeriesTest" time="0.086" tests="1" errors="0" skipped="0" failures="0">
  <properties>
[...]
</properties>
  <testcase name="testCorrectAgeRestrictionfail" classname="com.mycompany.seriesmodel.SeriesTest" time="0.039">
    <system-out><![CDATA[You have entered an incorrect series age!!!
]]></system-out>
  </testcase>
</testsuite>